0 info it worked if it ends with ok
1 verbose cli [ 'node',
1 verbose cli   '/usr/local/bin/npm',
1 verbose cli   'install',
1 verbose cli   '-g',
1 verbose cli   'generator-sequence' ]
2 info using npm@1.4.3
3 info using node@v0.10.26
4 verbose cache add [ 'generator-sequence', null ]
5 verbose cache add name=undefined spec="generator-sequence" args=["generator-sequence",null]
6 verbose parsed url { protocol: null,
6 verbose parsed url   slashes: null,
6 verbose parsed url   auth: null,
6 verbose parsed url   host: null,
6 verbose parsed url   port: null,
6 verbose parsed url   hostname: null,
6 verbose parsed url   hash: null,
6 verbose parsed url   search: null,
6 verbose parsed url   query: null,
6 verbose parsed url   pathname: 'generator-sequence',
6 verbose parsed url   path: 'generator-sequence',
6 verbose parsed url   href: 'generator-sequence' }
7 silly lockFile 64cf8b53-generator-sequence generator-sequence
8 verbose lock generator-sequence /Users/Ian/.npm/64cf8b53-generator-sequence.lock
9 silly lockFile 64cf8b53-generator-sequence generator-sequence
10 silly lockFile 64cf8b53-generator-sequence generator-sequence
11 verbose addNamed [ 'generator-sequence', '' ]
12 verbose addNamed [ null, '*' ]
13 silly lockFile 72f1901f-generator-sequence generator-sequence@
14 verbose lock generator-sequence@ /Users/Ian/.npm/72f1901f-generator-sequence.lock
15 silly addNameRange { name: 'generator-sequence', range: '*', hasData: false }
16 verbose url raw generator-sequence
17 verbose url resolving [ 'https://registry.npmjs.org/', './generator-sequence' ]
18 verbose url resolved https://registry.npmjs.org/generator-sequence
19 info trying registry request attempt 1 at 10:50:39
20 http GET https://registry.npmjs.org/generator-sequence
21 http 404 https://registry.npmjs.org/generator-sequence
22 silly registry.get cb [ 404,
22 silly registry.get   { date: 'Tue, 03 Jun 2014 09:50:41 GMT',
22 silly registry.get     server: 'CouchDB/1.5.0 (Erlang OTP/R14B04)',
22 silly registry.get     'content-type': 'application/json',
22 silly registry.get     via: '1.1 varnish',
22 silly registry.get     'cache-control': 'max-age=0',
22 silly registry.get     'content-length': '52',
22 silly registry.get     'accept-ranges': 'bytes',
22 silly registry.get     age: '0',
22 silly registry.get     'x-served-by': 'cache-v36-ASH, cache-lcy1122-LCY',
22 silly registry.get     'x-cache': 'MISS, MISS',
22 silly registry.get     'x-cache-hits': '0, 0',
22 silly registry.get     'x-timer': 'S1401789041.115403,VS0,VE95',
22 silly registry.get     'keep-alive': 'timeout=10, max=50',
22 silly registry.get     connection: 'Keep-Alive' } ]
23 silly lockFile 72f1901f-generator-sequence generator-sequence@
24 silly lockFile 72f1901f-generator-sequence generator-sequence@
25 error 404 'generator-sequence' is not in the npm registry.
25 error 404 You should bug the author to publish it
25 error 404
25 error 404 Note that you can also install from a
25 error 404 tarball, folder, or http url, or git url.
26 error System Darwin 13.2.0
27 error command "node" "/usr/local/bin/npm" "install" "-g" "generator-sequence"
28 error cwd /Users/Ian/Sites/SequenceJS/Sequence
29 error node -v v0.10.26
30 error npm -v 1.4.3
31 error code E404
32 verbose exit [ 1, true ]
